<?xml version="1.0" encoding="UTF-8"?>
<testsuites name="Mocha Tests" time="21.573" tests="2" failures="0">
  <testsuite name="Root Suite" timestamp="2023-01-18T09:52:28" tests="0" file="cypress\e2e\submit-contact.cy.js" time="0.000" failures="0">
  </testsuite>
  <testsuite name="Visit contact page" timestamp="2023-01-18T09:52:28" tests="2" time="21.556" failures="0">
    <testcase name="Visit contact page Test Case 1 - error message test" time="4.819" classname="Test Case 1 - error message test">
    </testcase>
    <testcase name="Visit contact page Test Case 2 - successful submission message test" time="14.531" classname="Test Case 2 - successful submission message test">
    </testcase>
  </testsuite>
</testsuites>